<?xml version="1.0" encoding="UTF-8"?>
<!-- Generated by org.testng.reporters.JUnitReportReporter -->
<testsuite hostname="LAPTOP-7VN3JM0R" failures="0" tests="1" name="RestAssuredSample.ParsingJSONResponseData" time="7.190" errors="0" timestamp="2024-05-05T18:52:05 IST" skipped="0">
  <testcase classname="RestAssuredSample.ParsingJSONResponseData" name="testJsonResponse" time="7.190"/>
</testsuite> <!-- RestAssuredSample.ParsingJSONResponseData -->
