<?xml version="1.0" encoding="UTF-8"?>
<!-- Generated by org.testng.reporters.JUnitReportReporter -->
<testsuite hostname="LAPTOP-7VN3JM0R" failures="0" tests="1" name="RestAssuredSample.JSONResponseDataParsingUsingPath" time="2.322" errors="0" timestamp="2024-05-15T23:05:02 IST" skipped="0">
  <testcase classname="RestAssuredSample.JSONResponseDataParsingUsingPath" name="JsonDataParsing" time="2.322"/>
</testsuite> <!-- RestAssuredSample.JSONResponseDataParsingUsingPath -->
