<?xml version="1.0" encoding="UTF-8"?>
<!-- Generated by org.testng.reporters.JUnitReportReporter -->
<testsuite hostname="LAPTOP-7VN3JM0R" failures="0" tests="1" name="RestAssuredSample.JSONResponseDataParsingUsingPath" time="3.030" errors="0" timestamp="2024-05-05T19:05:33 IST" skipped="0">
  <testcase classname="RestAssuredSample.JSONResponseDataParsingUsingPath" name="testJsonResponseBodyData" time="3.030"/>
</testsuite> <!-- RestAssuredSample.JSONResponseDataParsingUsingPath -->
